#
# There is insufficient memory for the Java Runtime Environment to continue.
# Native memory allocation (malloc) failed to allocate 11259472 bytes. Error detail: Chunk::new
# Possible reasons:
#   The system is out of physical RAM or swap space
#   This process is running with CompressedOops enabled, and the Java Heap may be blocking the growth of the native heap
# Possible solutions:
#   Reduce memory load on the system
#   Increase physical memory or swap space
#   Check if swap backing store is full
#   Decrease Java heap size (-Xmx/-Xms)
#   Decrease number of Java threads
#   Decrease Java thread stack sizes (-Xss)
#   Set larger code cache with -XX:ReservedCodeCacheSize=
#   JVM is running with Zero Based Compressed Oops mode in which the Java heap is
#     placed in the first 32GB address space. The Java Heap base address is the
#     maximum limit for the native heap growth. Please use -XX:HeapBaseMinAddress
#     to set the Java Heap base and to place the Java Heap above 32GB virtual address.
# This output file may be truncated or incomplete.
#
#  Out of Memory Error (arena.cpp:162), pid=12220, tid=26752
#
# JRE version: Java(TM) SE Runtime Environment (24.0.2+12) (build 24.0.2+12-54)
# Java VM: Java HotSpot(TM) 64-Bit Server VM (24.0.2+12-54, mixed mode, sharing, tiered, compressed oops, compressed class ptrs, g1 gc, windows-amd64)
# No core dump will be written. Minidumps are not enabled by default on client versions of Windows
#

---------------  S U M M A R Y ------------

Command Line: --add-modules=ALL-DEFAULT jdk.compiler/com.sun.tools.javac.launcher.SourceLauncher Question3.java

Host: AMD Ryzen 7 5800HS with Radeon Graphics        , 16 cores, 15G,  Windows 11 , 64 bit Build 26100 (10.0.26100.6725)
Time: Sat Oct 25 08:00:20 2025 India Standard Time elapsed time: 2.161658 seconds (0d 0h 0m 2s)

---------------  T H R E A D  ---------------

Current thread (0x0000013264ade140):  JavaThread "C2 CompilerThread2" daemon [_thread_in_native, id=26752, stack(0x0000001c07e00000,0x0000001c07f00000) (1024K)]


Current CompileTask:
C2:2161 1317       4       jdk.internal.jimage.ImageLocation::getFullName (109 bytes)

Stack: [0x0000001c07e00000,0x0000001c07f00000]
Native frames: (J=compiled Java code, j=interpreted, Vv=VM code, C=native code)
V  [jvm.dll+0x730829]  (no source info available)
V  [jvm.dll+0x8d9da3]  (no source info available)
V  [jvm.dll+0x8dc28d]  (no source info available)
V  [jvm.dll+0x8dc903]  (no source info available)
V  [jvm.dll+0x2a9f56]  (no source info available)
V  [jvm.dll+0xced7f]  (no source info available)
V  [jvm.dll+0xcefdf]  (no source info available)
V  [jvm.dll+0x154c83]  (no source info available)
V  [jvm.dll+0x73604f]  (no source info available)
V  [jvm.dll+0x26f8dc]  (no source info available)
V  [jvm.dll+0x26e8ff]  (no source info available)
V  [jvm.dll+0x1e9c90]  (no source info available)
V  [jvm.dll+0x27e0cb]  (no source info available)
V  [jvm.dll+0x27c36a]  (no source info available)
V  [jvm.dll+0x42f396]  (no source info available)
V  [jvm.dll+0x87d9eb]  (no source info available)
V  [jvm.dll+0x72ef45]  (no source info available)
C  [ucrtbase.dll+0x37b0]  (no source info available)
C  [KERNEL32.DLL+0x2e8d7]  (no source info available)
C  [ntdll.dll+0x8c53c]  (no source info available)

Lock stack of current Java thread (top to bottom):


---------------  P R O C E S S  ---------------

Threads class SMR info:
_java_thread_list=0x0000013264f44f00, length=15, elements={
0x000001327c86d740, 0x000001321ebc2de0, 0x000001321ebc3520, 0x000001321ebc5340,
0x000001321ebc5fa0, 0x000001321ebd0420, 0x000001321ebd67f0, 0x000001321ebdcbb0,
0x000001321ebe9d70, 0x000001321eba2e40, 0x000001321ebd60a0, 0x000001321ebd8c80,
0x0000013264abebe0, 0x0000013264ade140, 0x0000013264ed7f70
}

Java Threads: ( => current thread )
  0x000001327c86d740 JavaThread "main"                              [_thread_in_native, id=14820, stack(0x0000001c06900000,0x0000001c06a00000) (1024K)]
  0x000001321ebc2de0 JavaThread "Reference Handler"          daemon [_thread_blocked, id=28520, stack(0x0000001c07100000,0x0000001c07200000) (1024K)]
  0x000001321ebc3520 JavaThread "Finalizer"                  daemon [_thread_blocked, id=31792, stack(0x0000001c07200000,0x0000001c07300000) (1024K)]
  0x000001321ebc5340 JavaThread "Signal Dispatcher"          daemon [_thread_blocked, id=12336, stack(0x0000001c07300000,0x0000001c07400000) (1024K)]
  0x000001321ebc5fa0 JavaThread "Attach Listener"            daemon [_thread_blocked, id=2120, stack(0x0000001c07400000,0x0000001c07500000) (1024K)]
  0x000001321ebd0420 JavaThread "Service Thread"             daemon [_thread_blocked, id=8636, stack(0x0000001c07500000,0x0000001c07600000) (1024K)]
  0x000001321ebd67f0 JavaThread "Monitor Deflation Thread"   daemon [_thread_blocked, id=30796, stack(0x0000001c07600000,0x0000001c07700000) (1024K)]
  0x000001321ebdcbb0 JavaThread "C2 CompilerThread0"         daemon [_thread_blocked, id=6388, stack(0x0000001c07700000,0x0000001c07800000) (1024K)]
  0x000001321ebe9d70 JavaThread "C1 CompilerThread0"         daemon [_thread_blocked, id=33220, stack(0x0000001c07800000,0x0000001c07900000) (1024K)]
  0x000001321eba2e40 JavaThread "C1 CompilerThread1"         daemon [_thread_blocked, id=27272, stack(0x0000001c07900000,0x0000001c07a00000) (1024K)]
  0x000001321ebd60a0 JavaThread "Notification Thread"        daemon [_thread_blocked, id=18176, stack(0x0000001c07c00000,0x0000001c07d00000) (1024K)]
  0x000001321ebd8c80 JavaThread "Common-Cleaner"             daemon [_thread_blocked, id=30872, stack(0x0000001c07d00000,0x0000001c07e00000) (1024K)]
  0x0000013264abebe0 JavaThread "C2 CompilerThread1"         daemon [_thread_blocked, id=1712, stack(0x0000001c07b00000,0x0000001c07c00000) (1024K)]
=>0x0000013264ade140 JavaThread "C2 CompilerThread2"         daemon [_thread_in_native, id=26752, stack(0x0000001c07e00000,0x0000001c07f00000) (1024K)]
  0x0000013264ed7f70 JavaThread "C2 CompilerThread3"         daemon [_thread_blocked, id=30604, stack(0x0000001c08000000,0x0000001c08100000) (1024K)]
Total: 15

Other Threads:
  0x000001321ebb4c40 VMThread "VM Thread"                           [id=33212, stack(0x0000001c07000000,0x0000001c07100000) (1024K)]
  0x000001321ea7c380 WatcherThread "VM Periodic Task Thread"        [id=26076, stack(0x0000001c06f00000,0x0000001c07000000) (1024K)]
  0x000001327ed6eae0 WorkerThread "GC Thread#0"                     [id=22520, stack(0x0000001c06a00000,0x0000001c06b00000) (1024K)]
  0x000001327ed83e70 ConcurrentGCThread "G1 Main Marker"            [id=15688, stack(0x0000001c06b00000,0x0000001c06c00000) (1024K)]
  0x000001327ed85780 WorkerThread "G1 Conc#0"                       [id=30580, stack(0x0000001c06c00000,0x0000001c06d00000) (1024K)]
  0x000001321ea71d00 ConcurrentGCThread "G1 Refine#0"               [id=25756, stack(0x0000001c06d00000,0x0000001c06e00000) (1024K)]
  0x000001321ea72530 ConcurrentGCThread "G1 Service"                [id=7648, stack(0x0000001c06e00000,0x0000001c06f00000) (1024K)]
Total: 7

Threads with active compile tasks:
C2 CompilerThread2  2308 1317       4       jdk.internal.jimage.ImageLocation::getFullName (109 bytes)
Total: 1

VM state: not at safepoint (normal execution)

VM Mutex/Monitor currently owned by a thread: None

Heap address: 0x0000000709800000, size: 3944 MB, Compressed Oops mode: Zero based, Oop shift amount: 3

CDS archive(s) mapped at: [0x000001321f000000-0x000001321fd40000-0x000001321fd40000), size 13893632, SharedBaseAddress: 0x000001321f000000, ArchiveRelocationMode: 1.
Compressed class space mapped at: 0x0000013220000000-0x0000013260000000, reserved size: 1073741824
UseCompressedClassPointers 1, UseCompactObjectHeaders 0
Narrow klass pointer bits 32, Max shift 3
Narrow klass base: 0x000001321f000000, Narrow klass shift: 0
Encoding Range: [0x000001321f000000 - 0x000001331f000000), (4294967296 bytes)
Klass Range:    [0x000001321f000000 - 0x0000013260000000), (1090519040 bytes)
Klass ID Range:  [8 - 1090519033) (1090519025)

GC Precious Log:
 CardTable entry size: 512
 Card Set container configuration: InlinePtr #cards 4 size 8 Array Of Cards #cards 16 size 48 Howl #buckets 8 coarsen threshold 3686 Howl Bitmap #cards 512 size 80 coarsen threshold 460 Card regions per heap region 1 cards per card region 4096
 CPUs: 16 total, 16 available
 Memory: 15773M
 Large Page Support: Disabled
 NUMA Support: Disabled
 Compressed Oops: Enabled (Zero based)
 Heap Region Size: 2M
 Heap Min Capacity: 8M
 Heap Initial Capacity: 248M
 Heap Max Capacity: 3944M
 Pre-touch: Disabled
 Parallel Workers: 13
 Concurrent Workers: 3
 Concurrent Refinement Workers: 13
 Periodic GC: Disabled

Heap:
 garbage-first heap   total reserved 4038656K, committed 256000K, used 33908K [0x0000000709800000, 0x0000000800000000)
  region size 2048K, 17 young (34816K), 0 survivors (0K)
 Metaspace       used 9756K, committed 9984K, reserved 1114112K
  class space    used 984K, committed 1088K, reserved 1048576K

Heap Regions: E=young(eden), S=young(survivor), O=old, HS=humongous(starts), HC=humongous(continues), CS=collection set, F=free, TAMS=top-at-mark-start, PB=parsable bottom
|   0|0x0000000709800000, 0x0000000709800000, 0x0000000709a00000|  0%| F|  |TAMS 0x0000000709800000| PB 0x0000000709800000| Untracked |  0
|   1|0x0000000709a00000, 0x0000000709a00000, 0x0000000709c00000|  0%| F|  |TAMS 0x0000000709a00000| PB 0x0000000709a00000| Untracked |  0
|   2|0x0000000709c00000, 0x0000000709c00000, 0x0000000709e00000|  0%| F|  |TAMS 0x0000000709c00000| PB 0x0000000709c00000| Untracked |  0
|   3|0x0000000709e00000, 0x0000000709e00000, 0x000000070a000000|  0%| F|  |TAMS 0x0000000709e00000| PB 0x0000000709e00000| Untracked |  0
|   4|0x000000070a000000, 0x000000070a000000, 0x000000070a200000|  0%| F|  |TAMS 0x000000070a000000| PB 0x000000070a000000| Untracked |  0
|   5|0x000000070a200000, 0x000000070a200000, 0x000000070a400000|  0%| F|  |TAMS 0x000000070a200000| PB 0x000000070a200000| Untracked |  0
|   6|0x000000070a400000, 0x000000070a400000, 0x000000070a600000|  0%| F|  |TAMS 0x000000070a400000| PB 0x000000070a400000| Untracked |  0
|   7|0x000000070a600000, 0x000000070a600000, 0x000000070a800000|  0%| F|  |TAMS 0x000000070a600000| PB 0x000000070a600000| Untracked |  0
|   8|0x000000070a800000, 0x000000070a800000, 0x000000070aa00000|  0%| F|  |TAMS 0x000000070a800000| PB 0x000000070a800000| Untracked |  0
|   9|0x000000070aa00000, 0x000000070aa00000, 0x000000070ac00000|  0%| F|  |TAMS 0x000000070aa00000| PB 0x000000070aa00000| Untracked |  0
|  10|0x000000070ac00000, 0x000000070ac00000, 0x000000070ae00000|  0%| F|  |TAMS 0x000000070ac00000| PB 0x000000070ac00000| Untracked |  0
|  11|0x000000070ae00000, 0x000000070ae00000, 0x000000070b000000|  0%| F|  |TAMS 0x000000070ae00000| PB 0x000000070ae00000| Untracked |  0
|  12|0x000000070b000000, 0x000000070b000000, 0x000000070b200000|  0%| F|  |TAMS 0x000000070b000000| PB 0x000000070b000000| Untracked |  0
|  13|0x000000070b200000, 0x000000070b200000, 0x000000070b400000|  0%| F|  |TAMS 0x000000070b200000| PB 0x000000070b200000| Untracked |  0
|  14|0x000000070b400000, 0x000000070b400000, 0x000000070b600000|  0%| F|  |TAMS 0x000000070b400000| PB 0x000000070b400000| Untracked |  0
|  15|0x000000070b600000, 0x000000070b600000, 0x000000070b800000|  0%| F|  |TAMS 0x000000070b600000| PB 0x000000070b600000| Untracked |  0
|  16|0x000000070b800000, 0x000000070b800000, 0x000000070ba00000|  0%| F|  |TAMS 0x000000070b800000| PB 0x000000070b800000| Untracked |  0
|  17|0x000000070ba00000, 0x000000070ba00000, 0x000000070bc00000|  0%| F|  |TAMS 0x000000070ba00000| PB 0x000000070ba00000| Untracked |  0
|  18|0x000000070bc00000, 0x000000070bc00000, 0x000000070be00000|  0%| F|  |TAMS 0x000000070bc00000| PB 0x000000070bc00000| Untracked |  0
|  19|0x000000070be00000, 0x000000070be00000, 0x000000070c000000|  0%| F|  |TAMS 0x000000070be00000| PB 0x000000070be00000| Untracked |  0
|  20|0x000000070c000000, 0x000000070c000000, 0x000000070c200000|  0%| F|  |TAMS 0x000000070c000000| PB 0x000000070c000000| Untracked |  0
|  21|0x000000070c200000, 0x000000070c200000, 0x000000070c400000|  0%| F|  |TAMS 0x000000070c200000| PB 0x000000070c200000| Untracked |  0
|  22|0x000000070c400000, 0x000000070c400000, 0x000000070c600000|  0%| F|  |TAMS 0x000000070c400000| PB 0x000000070c400000| Untracked |  0
|  23|0x000000070c600000, 0x000000070c600000, 0x000000070c800000|  0%| F|  |TAMS 0x000000070c600000| PB 0x000000070c600000| Untracked |  0
|  24|0x000000070c800000, 0x000000070c800000, 0x000000070ca00000|  0%| F|  |TAMS 0x000000070c800000| PB 0x000000070c800000| Untracked |  0
|  25|0x000000070ca00000, 0x000000070ca00000, 0x000000070cc00000|  0%| F|  |TAMS 0x000000070ca00000| PB 0x000000070ca00000| Untracked |  0
|  26|0x000000070cc00000, 0x000000070cc00000, 0x000000070ce00000|  0%| F|  |TAMS 0x000000070cc00000| PB 0x000000070cc00000| Untracked |  0
|  27|0x000000070ce00000, 0x000000070ce00000, 0x000000070d000000|  0%| F|  |TAMS 0x000000070ce00000| PB 0x000000070ce00000| Untracked |  0
|  28|0x000000070d000000, 0x000000070d000000, 0x000000070d200000|  0%| F|  |TAMS 0x000000070d000000| PB 0x000000070d000000| Untracked |  0
|  29|0x000000070d200000, 0x000000070d200000, 0x000000070d400000|  0%| F|  |TAMS 0x000000070d200000| PB 0x000000070d200000| Untracked |  0
|  30|0x000000070d400000, 0x000000070d400000, 0x000000070d600000|  0%| F|  |TAMS 0x000000070d400000| PB 0x000000070d400000| Untracked |  0
|  31|0x000000070d600000, 0x000000070d600000, 0x000000070d800000|  0%| F|  |TAMS 0x000000070d600000| PB 0x000000070d600000| Untracked |  0
|  32|0x000000070d800000, 0x000000070d800000, 0x000000070da00000|  0%| F|  |TAMS 0x000000070d800000| PB 0x000000070d800000| Untracked |  0
|  33|0x000000070da00000, 0x000000070da00000, 0x000000070dc00000|  0%| F|  |TAMS 0x000000070da00000| PB 0x000000070da00000| Untracked |  0
|  34|0x000000070dc00000, 0x000000070dc00000, 0x000000070de00000|  0%| F|  |TAMS 0x000000070dc00000| PB 0x000000070dc00000| Untracked |  0
|  35|0x000000070de00000, 0x000000070de00000, 0x000000070e000000|  0%| F|  |TAMS 0x000000070de00000| PB 0x000000070de00000| Untracked |  0
|  36|0x000000070e000000, 0x000000070e000000, 0x000000070e200000|  0%| F|  |TAMS 0x000000070e000000| PB 0x000000070e000000| Untracked |  0
|  37|0x000000070e200000, 0x000000070e200000, 0x000000070e400000|  0%| F|  |TAMS 0x000000070e200000| PB 0x000000070e200000| Untracked |  0
|  38|0x000000070e400000, 0x000000070e400000, 0x000000070e600000|  0%| F|  |TAMS 0x000000070e400000| PB 0x000000070e400000| Untracked |  0
|  39|0x000000070e600000, 0x000000070e600000, 0x000000070e800000|  0%| F|  |TAMS 0x000000070e600000| PB 0x000000070e600000| Untracked |  0
|  40|0x000000070e800000, 0x000000070e800000, 0x000000070ea00000|  0%| F|  |TAMS 0x000000070e800000| PB 0x000000070e800000| Untracked |  0
|  41|0x000000070ea00000, 0x000000070ea00000, 0x000000070ec00000|  0%| F|  |TAMS 0x000000070ea00000| PB 0x000000070ea00000| Untracked |  0
|  42|0x000000070ec00000, 0x000000070ec00000, 0x000000070ee00000|  0%| F|  |TAMS 0x000000070ec00000| PB 0x000000070ec00000| Untracked |  0
|  43|0x000000070ee00000, 0x000000070ee00000, 0x000000070f000000|  0%| F|  |TAMS 0x000000070ee00000| PB 0x000000070ee00000| Untracked |  0
|  44|0x000000070f000000, 0x000000070f000000, 0x000000070f200000|  0%| F|  |TAMS 0x000000070f000000| PB 0x000000070f000000| Untracked |  0
|  45|0x000000070f200000, 0x000000070f200000, 0x000000070f400000|  0%| F|  |TAMS 0x000000070f200000| PB 0x000000070f200000| Untracked |  0
|  46|0x000000070f400000, 0x000000070f400000, 0x000000070f600000|  0%| F|  |TAMS 0x000000070f400000| PB 0x000000070f400000| Untracked |  0
|  47|0x000000070f600000, 0x000000070f600000, 0x000000070f800000|  0%| F|  |TAMS 0x000000070f600000| PB 0x000000070f600000| Untracked |  0
|  48|0x000000070f800000, 0x000000070f800000, 0x000000070fa00000|  0%| F|  |TAMS 0x000000070f800000| PB 0x000000070f800000| Untracked |  0
|  49|0x000000070fa00000, 0x000000070fa00000, 0x000000070fc00000|  0%| F|  |TAMS 0x000000070fa00000| PB 0x000000070fa00000| Untracked |  0
|  50|0x000000070fc00000, 0x000000070fc00000, 0x000000070fe00000|  0%| F|  |TAMS 0x000000070fc00000| PB 0x000000070fc00000| Untracked |  0
|  51|0x000000070fe00000, 0x000000070fe00000, 0x0000000710000000|  0%| F|  |TAMS 0x000000070fe00000| PB 0x000000070fe00000| Untracked |  0
|  52|0x0000000710000000, 0x0000000710000000, 0x0000000710200000|  0%| F|  |TAMS 0x0000000710000000| PB 0x0000000710000000| Untracked |  0
|  53|0x0000000710200000, 0x0000000710200000, 0x0000000710400000|  0%| F|  |TAMS 0x0000000710200000| PB 0x0000000710200000| Untracked |  0
|  54|0x0000000710400000, 0x0000000710400000, 0x0000000710600000|  0%| F|  |TAMS 0x0000000710400000| PB 0x0000000710400000| Untracked |  0
|  55|0x0000000710600000, 0x0000000710600000, 0x0000000710800000|  0%| F|  |TAMS 0x0000000710600000| PB 0x0000000710600000| Untracked |  0
|  56|0x0000000710800000, 0x0000000710800000, 0x0000000710a00000|  0%| F|  |TAMS 0x0000000710800000| PB 0x0000000710800000| Untracked |  0
|  57|0x0000000710a00000, 0x0000000710a00000, 0x0000000710c00000|  0%| F|  |TAMS 0x0000000710a00000| PB 0x0000000710a00000| Untracked |  0
|  58|0x0000000710c00000, 0x0000000710c00000, 0x0000000710e00000|  0%| F|  |TAMS 0x0000000710c00000| PB 0x0000000710c00000| Untracked |  0
|  59|0x0000000710e00000, 0x0000000710e00000, 0x0000000711000000|  0%| F|  |TAMS 0x0000000710e00000| PB 0x0000000710e00000| Untracked |  0
|  60|0x0000000711000000, 0x0000000711000000, 0x0000000711200000|  0%| F|  |TAMS 0x0000000711000000| PB 0x0000000711000000| Untracked |  0
|  61|0x0000000711200000, 0x0000000711200000, 0x0000000711400000|  0%| F|  |TAMS 0x0000000711200000| PB 0x0000000711200000| Untracked |  0
|  62|0x0000000711400000, 0x0000000711400000, 0x0000000711600000|  0%| F|  |TAMS 0x0000000711400000| PB 0x0000000711400000| Untracked |  0
|  63|0x0000000711600000, 0x0000000711600000, 0x0000000711800000|  0%| F|  |TAMS 0x0000000711600000| PB 0x0000000711600000| Untracked |  0
|  64|0x0000000711800000, 0x0000000711800000, 0x0000000711a00000|  0%| F|  |TAMS 0x0000000711800000| PB 0x0000000711800000| Untracked |  0
|  65|0x0000000711a00000, 0x0000000711a00000, 0x0000000711c00000|  0%| F|  |TAMS 0x0000000711a00000| PB 0x0000000711a00000| Untracked |  0
|  66|0x0000000711c00000, 0x0000000711c00000, 0x0000000711e00000|  0%| F|  |TAMS 0x0000000711c00000| PB 0x0000000711c00000| Untracked |  0
|  67|0x0000000711e00000, 0x0000000711e00000, 0x0000000712000000|  0%| F|  |TAMS 0x0000000711e00000| PB 0x0000000711e00000| Untracked |  0
|  68|0x0000000712000000, 0x0000000712000000, 0x0000000712200000|  0%| F|  |TAMS 0x0000000712000000| PB 0x0000000712000000| Untracked |  0
|  69|0x0000000712200000, 0x0000000712200000, 0x0000000712400000|  0%| F|  |TAMS 0x0000000712200000| PB 0x0000000712200000| Untracked |  0
|  70|0x0000000712400000, 0x0000000712400000, 0x0000000712600000|  0%| F|  |TAMS 0x0000000712400000| PB 0x0000000712400000| Untracked |  0
|  71|0x0000000712600000, 0x0000000712600000, 0x0000000712800000|  0%| F|  |TAMS 0x0000000712600000| PB 0x0000000712600000| Untracked |  0
|  72|0x0000000712800000, 0x0000000712800000, 0x0000000712a00000|  0%| F|  |TAMS 0x0000000712800000| PB 0x0000000712800000| Untracked |  0
|  73|0x0000000712a00000, 0x0000000712a00000, 0x0000000712c00000|  0%| F|  |TAMS 0x0000000712a00000| PB 0x0000000712a00000| Untracked |  0
|  74|0x0000000712c00000, 0x0000000712c00000, 0x0000000712e00000|  0%| F|  |TAMS 0x0000000712c00000| PB 0x0000000712c00000| Untracked |  0
|  75|0x0000000712e00000, 0x0000000712e00000, 0x0000000713000000|  0%| F|  |TAMS 0x0000000712e00000| PB 0x0000000712e00000| Untracked |  0
|  76|0x0000000713000000, 0x0000000713000000, 0x0000000713200000|  0%| F|  |TAMS 0x0000000713000000| PB 0x0000000713000000| Untracked |  0
|  77|0x0000000713200000, 0x0000000713200000, 0x0000000713400000|  0%| F|  |TAMS 0x0000000713200000| PB 0x0000000713200000| Untracked |  0
|  78|0x0000000713400000, 0x0000000713400000, 0x0000000713600000|  0%| F|  |TAMS 0x0000000713400000| PB 0x0000000713400000| Untracked |  0
|  79|0x0000000713600000, 0x0000000713600000, 0x0000000713800000|  0%| F|  |TAMS 0x0000000713600000| PB 0x0000000713600000| Untracked |  0
|  80|0x0000000713800000, 0x0000000713800000, 0x0000000713a00000|  0%| F|  |TAMS 0x0000000713800000| PB 0x0000000713800000| Untracked |  0
|  81|0x0000000713a00000, 0x0000000713a00000, 0x0000000713c00000|  0%| F|  |TAMS 0x0000000713a00000| PB 0x0000000713a00000| Untracked |  0
|  82|0x0000000713c00000, 0x0000000713c00000, 0x0000000713e00000|  0%| F|  |TAMS 0x0000000713c00000| PB 0x0000000713c00000| Untracked |  0
|  83|0x0000000713e00000, 0x0000000713e00000, 0x0000000714000000|  0%| F|  |TAMS 0x0000000713e00000| PB 0x0000000713e00000| Untracked |  0
|  84|0x0000000714000000, 0x0000000714000000, 0x0000000714200000|  0%| F|  |TAMS 0x0000000714000000| PB 0x0000000714000000| Untracked |  0
|  85|0x0000000714200000, 0x0000000714200000, 0x0000000714400000|  0%| F|  |TAMS 0x0000000714200000| PB 0x0000000714200000| Untracked |  0
|  86|0x0000000714400000, 0x0000000714400000, 0x0000000714600000|  0%| F|  |TAMS 0x0000000714400000| PB 0x0000000714400000| Untracked |  0
|  87|0x0000000714600000, 0x0000000714600000, 0x0000000714800000|  0%| F|  |TAMS 0x0000000714600000| PB 0x0000000714600000| Untracked |  0
|  88|0x0000000714800000, 0x0000000714800000, 0x0000000714a00000|  0%| F|  |TAMS 0x0000000714800000| PB 0x0000000714800000| Untracked |  0
|  89|0x0000000714a00000, 0x0000000714a00000, 0x0000000714c00000|  0%| F|  |TAMS 0x0000000714a00000| PB 0x0000000714a00000| Untracked |  0
|  90|0x0000000714c00000, 0x0000000714c00000, 0x0000000714e00000|  0%| F|  |TAMS 0x0000000714c00000| PB 0x0000000714c00000| Untracked |  0
|  91|0x0000000714e00000, 0x0000000714e00000, 0x0000000715000000|  0%| F|  |TAMS 0x0000000714e00000| PB 0x0000000714e00000| Untracked |  0
|  92|0x0000000715000000, 0x0000000715000000, 0x0000000715200000|  0%| F|  |TAMS 0x0000000715000000| PB 0x0000000715000000| Untracked |  0
|  93|0x0000000715200000, 0x0000000715200000, 0x0000000715400000|  0%| F|  |TAMS 0x0000000715200000| PB 0x0000000715200000| Untracked |  0
|  94|0x0000000715400000, 0x0000000715400000, 0x0000000715600000|  0%| F|  |TAMS 0x0000000715400000| PB 0x0000000715400000| Untracked |  0
|  95|0x0000000715600000, 0x0000000715600000, 0x0000000715800000|  0%| F|  |TAMS 0x0000000715600000| PB 0x0000000715600000| Untracked |  0
|  96|0x0000000715800000, 0x0000000715800000, 0x0000000715a00000|  0%| F|  |TAMS 0x0000000715800000| PB 0x0000000715800000| Untracked |  0
|  97|0x0000000715a00000, 0x0000000715a00000, 0x0000000715c00000|  0%| F|  |TAMS 0x0000000715a00000| PB 0x0000000715a00000| Untracked |  0
|  98|0x0000000715c00000, 0x0000000715c00000, 0x0000000715e00000|  0%| F|  |TAMS 0x0000000715c00000| PB 0x0000000715c00000| Untracked |  0
|  99|0x0000000715e00000, 0x0000000715e00000, 0x0000000716000000|  0%| F|  |TAMS 0x0000000715e00000| PB 0x0000000715e00000| Untracked |  0
| 100|0x0000000716000000, 0x0000000716000000, 0x0000000716200000|  0%| F|  |TAMS 0x0000000716000000| PB 0x0000000716000000| Untracked |  0
| 101|0x0000000716200000, 0x0000000716200000, 0x0000000716400000|  0%| F|  |TAMS 0x0000000716200000| PB 0x0000000716200000| Untracked |  0
| 102|0x0000000716400000, 0x0000000716400000, 0x0000000716600000|  0%| F|  |TAMS 0x0000000716400000| PB 0x0000000716400000| Untracked |  0
| 103|0x0000000716600000, 0x0000000716600000, 0x0000000716800000|  0%| F|  |TAMS 0x0000000716600000| PB 0x0000000716600000| Untracked |  0
| 104|0x0000000716800000, 0x0000000716800000, 0x0000000716a00000|  0%| F|  |TAMS 0x0000000716800000| PB 0x0000000716800000| Untracked |  0
| 105|0x0000000716a00000, 0x0000000716a00000, 0x0000000716c00000|  0%| F|  |TAMS 0x0000000716a00000| PB 0x0000000716a00000| Untracked |  0
| 106|0x0000000716c00000, 0x0000000716c00000, 0x0000000716e00000|  0%| F|  |TAMS 0x0000000716c00000| PB 0x0000000716c00000| Untracked |  0
| 107|0x0000000716e00000, 0x0000000716fed2a0, 0x0000000717000000| 96%| E|  |TAMS 0x0000000716e00000| PB 0x0000000716e00000| Complete |  0
| 108|0x0000000717000000, 0x0000000717200000, 0x0000000717200000|100%| E|CS|TAMS 0x0000000717000000| PB 0x0000000717000000| Complete |  0
| 109|0x0000000717200000, 0x0000000717400000, 0x0000000717400000|100%| E|CS|TAMS 0x0000000717200000| PB 0x0000000717200000| Complete |  0
| 110|0x0000000717400000, 0x0000000717600000, 0x0000000717600000|100%| E|CS|TAMS 0x0000000717400000| PB 0x0000000717400000| Complete |  0
| 111|0x0000000717600000, 0x0000000717800000, 0x0000000717800000|100%| E|CS|TAMS 0x0000000717600000| PB 0x0000000717600000| Complete |  0
| 112|0x0000000717800000, 0x0000000717a00000, 0x0000000717a00000|100%| E|CS|TAMS 0x0000000717800000| PB 0x0000000717800000| Complete |  0
| 113|0x0000000717a00000, 0x0000000717c00000, 0x0000000717c00000|100%| E|CS|TAMS 0x0000000717a00000| PB 0x0000000717a00000| Complete |  0
| 114|0x0000000717c00000, 0x0000000717e00000, 0x0000000717e00000|100%| E|CS|TAMS 0x0000000717c00000| PB 0x0000000717c00000| Complete |  0
| 115|0x0000000717e00000, 0x0000000718000000, 0x0000000718000000|100%| E|CS|TAMS 0x0000000717e00000| PB 0x0000000717e00000| Complete |  0
| 116|0x0000000718000000, 0x0000000718200000, 0x0000000718200000|100%| E|CS|TAMS 0x0000000718000000| PB 0x0000000718000000| Complete |  0
| 117|0x0000000718200000, 0x0000000718400000, 0x0000000718400000|100%| E|CS|TAMS 0x0000000718200000| PB 0x0000000718200000| Complete |  0
| 118|0x0000000718400000, 0x0000000718600000, 0x0000000718600000|100%| E|CS|TAMS 0x0000000718400000| PB 0x0000000718400000| Complete |  0
| 119|0x0000000718600000, 0x0000000718800000, 0x0000000718800000|100%| E|CS|TAMS 0x0000000718600000| PB 0x0000000718600000| Complete |  0
| 120|0x0000000718800000, 0x0000000718a00000, 0x0000000718a00000|100%| E|CS|TAMS 0x0000000718800000| PB 0x0000000718800000| Complete |  0
| 121|0x0000000718a00000, 0x0000000718c00000, 0x0000000718c00000|100%| E|CS|TAMS 0x0000000718a00000| PB 0x0000000718a00000| Complete |  0
| 122|0x0000000718c00000, 0x0000000718e00000, 0x0000000718e00000|100%| E|CS|TAMS 0x0000000718c00000| PB 0x0000000718c00000| Complete |  0
| 123|0x0000000718e00000, 0x0000000719000000, 0x0000000719000000|100%| E|CS|TAMS 0x0000000718e00000| PB 0x0000000718e00000| Complete |  0
|1971|0x00000007ffe00000, 0x00000007fff1d248, 0x0000000800000000| 55%| O|  |TAMS 0x00000007ffe00000| PB 0x00000007ffe00000| Untracked |  0

Card table byte_map: [0x00000132177e0000,0x0000013217fa0000] _byte_map_base: 0x0000013213f94000

Marking Bits: (CMBitMap*) 0x000001327ed6f100
 Bits: [0x0000013217fa0000, 0x000001321bd40000)

Polling page: 0x000001327cb30000

Metaspace:

Usage:
  Non-class:      8.57 MB used.
      Class:    984.97 KB used.
       Both:      9.53 MB used.

Virtual space:
  Non-class space:       64.00 MB reserved,       8.69 MB ( 14%) committed,  1 nodes.
      Class space:        1.00 GB reserved,       1.06 MB ( <1%) committed,  1 nodes.
             Both:        1.06 GB reserved,       9.75 MB ( <1%) committed. 

Chunk freelists:
   Non-Class:  5.27 MB
       Class:  14.85 MB
        Both:  20.12 MB

MaxMetaspaceSize: unlimited
CompressedClassSpaceSize: 1.00 GB
Initial GC threshold: 21.00 MB
Current GC threshold: 21.00 MB
CDS: on
 - commit_granule_bytes: 65536.
 - commit_granule_words: 8192.
 - virtual_space_node_default_size: 8388608.
 - enlarge_chunks_in_place: 1.
UseCompressedClassPointers 1, UseCompactObjectHeaders 0
Narrow klass pointer bits 32, Max shift 3
Narrow klass base: 0x000001321f000000, Narrow klass shift: 0
Encoding Range: [0x000001321f000000 - 0x000001331f000000), (4294967296 bytes)
Klass Range:    [0x000001321f000000 - 0x0000013260000000), (1090519040 bytes)
Klass ID Range:  [8 - 1090519033) (1090519025)


Internal statistics:

num_allocs_failed_limit: 0.
num_arena_births: 120.
num_arena_deaths: 0.
num_vsnodes_births: 2.
num_vsnodes_deaths: 0.
num_space_committed: 156.
num_space_uncommitted: 0.
num_chunks_returned_to_freelist: 0.
num_chunks_taken_from_freelist: 451.
num_chunk_merges: 0.
num_chunk_splits: 316.
num_chunks_enlarged: 243.
num_inconsistent_stats: 0.

CodeHeap 'non-profiled nmethods': size=119232Kb used=486Kb max_used=486Kb free=118745Kb
 bounds [0x0000013210370000, 0x00000132105e0000, 0x00000132177e0000]
CodeHeap 'profiled nmethods': size=119104Kb used=2678Kb max_used=2678Kb free=116425Kb
 bounds [0x00000132087e0000, 0x0000013208a80000, 0x000001320fc30000]
CodeHeap 'non-nmethods': size=7424Kb used=1856Kb max_used=3014Kb free=5567Kb
 bounds [0x000001320fc30000, 0x000001320ff30000, 0x0000013210370000]
CodeCache: size=245760Kb, used=5020Kb, max_used=6178Kb, free=240737Kb
 total_blobs=2146, nmethods=1696, adapters=353, full_count=0
Compilation: enabled, stopped_count=0, restarted_count=0

Compilation events (20 events):
Event: 1.133 Thread 0x000001321eba2e40 1660       3       com.sun.tools.javac.code.Type$ClassType::isParameterized (16 bytes)
Event: 1.134 Thread 0x000001321eba2e40 nmethod 1660 0x0000013208a73388 code [0x0000013208a73500, 0x0000013208a73af8]
Event: 1.136 Thread 0x0000013264abebe0 nmethod 1646 0x00000132103df308 code [0x00000132103df460, 0x00000132103df7f0]
Event: 1.136 Thread 0x0000013264abebe0 1652       4       java.lang.String::<init> (74 bytes)
Event: 1.137 Thread 0x000001321ebdcbb0 nmethod 1649 0x00000132103df888 code [0x00000132103df9c0, 0x00000132103e0178]
Event: 1.137 Thread 0x000001321ebdcbb0 1651       4       com.sun.tools.javac.util.Names::fromUtf (13 bytes)
Event: 1.138 Thread 0x000001321eba2e40 1661       3       java.util.ArrayDeque::isEmpty (17 bytes)
Event: 1.138 Thread 0x0000013264ae3ed0 1662       3       com.sun.tools.javac.code.Type$ClassType::getTypeArguments (30 bytes)
Event: 1.138 Thread 0x000001321eba2e40 nmethod 1661 0x0000013208a73b88 code [0x0000013208a73ca0, 0x0000013208a73df8]
Event: 1.138 Thread 0x0000013264ae3ed0 nmethod 1662 0x0000013208a73e88 code [0x0000013208a73fc0, 0x0000013208a743b8]
Event: 1.139 Thread 0x0000013264ae3ed0 1663       3       java.util.ArrayDeque::elementAt (4 bytes)
Event: 1.139 Thread 0x00000132640e7370 1664       3       java.util.ArrayDeque::inc (12 bytes)
Event: 1.139 Thread 0x000001321eba2e40 1665       3       java.util.HashMap::clear (50 bytes)
Event: 1.139 Thread 0x0000013264ae3ed0 nmethod 1663 0x0000013208a74408 code [0x0000013208a74520, 0x0000013208a74638]
Event: 1.139 Thread 0x00000132640e7370 nmethod 1664 0x0000013208a74708 code [0x0000013208a74820, 0x0000013208a74940]
Event: 1.139 Thread 0x000001321eba2e40 nmethod 1665 0x0000013208a74a08 code [0x0000013208a74b40, 0x0000013208a74ed8]
Event: 1.142 Thread 0x0000013264abebe0 nmethod 1652 0x00000132103e0208 code [0x00000132103e0340, 0x00000132103e0a88]
Event: 1.142 Thread 0x0000013264abebe0 1654       4       com.sun.tools.javac.util.StringNameTable::fromUtf (13 bytes)
Event: 1.145 Thread 0x0000013264ed7f70 nmethod 1595 0x00000132103e0b08 code [0x00000132103e0d80, 0x00000132103e2680]
Event: 1.146 Thread 0x0000013264ed7f70 1655       4       com.sun.tools.javac.util.Convert::utf2string (30 bytes)

GC Heap History (0 events):
No events

Dll operation events (5 events):
Event: 0.017 Loaded shared library C:\Program Files\Java\jdk-24\bin\java.dll
Event: 0.061 Loaded shared library C:\Program Files\Java\jdk-24\bin\jsvml.dll
Event: 0.120 Loaded shared library C:\Program Files\Java\jdk-24\bin\jimage.dll
Event: 0.129 Loaded shared library C:\Program Files\Java\jdk-24\bin\net.dll
Event: 0.132 Loaded shared library C:\Program Files\Java\jdk-24\bin\nio.dll

Deoptimization events (20 events):
Event: 1.063 Thread 0x000001327c86d740 Uncommon trap: trap_request=0xffffffc6 fr.pc=0x00000132103b9db0 relative=0x0000000000000cb0
Event: 1.063 Thread 0x000001327c86d740 Uncommon trap: reason=bimorphic_or_optimized_type_check action=maybe_recompile pc=0x00000132103b9db0 method=java.util.HashMap.putVal(ILjava/lang/Object;Ljava/lang/Object;ZZ)Ljava/lang/Object; @ 253 c2
Event: 1.063 Thread 0x000001327c86d740 DEOPT PACKING pc=0x00000132103b9db0 sp=0x0000001c069ff140
Event: 1.063 Thread 0x000001327c86d740 DEOPT UNPACKING pc=0x000001320fd46702 sp=0x0000001c069ff100 mode 2
Event: 1.098 Thread 0x000001327c86d740 Uncommon trap: trap_request=0xffffff4d fr.pc=0x00000132103d9038 relative=0x00000000000003f8
Event: 1.098 Thread 0x000001327c86d740 Uncommon trap: reason=unstable_if action=reinterpret pc=0x00000132103d9038 method=com.sun.tools.javac.code.Scope$ScopeImpl.getIndex(Lcom/sun/tools/javac/util/Name;)I @ 60 c2
Event: 1.098 Thread 0x000001327c86d740 DEOPT PACKING pc=0x00000132103d9038 sp=0x0000001c069fc8c0
Event: 1.098 Thread 0x000001327c86d740 DEOPT UNPACKING pc=0x000001320fd46702 sp=0x0000001c069fc830 mode 2
Event: 1.122 Thread 0x000001327c86d740 Uncommon trap: trap_request=0xffffffde fr.pc=0x00000132103c023c relative=0x00000000000002dc
Event: 1.122 Thread 0x000001327c86d740 Uncommon trap: reason=class_check action=maybe_recompile pc=0x00000132103c023c method=java.util.HashMap.getNode(Ljava/lang/Object;)Ljava/util/HashMap$Node; @ 128 c2
Event: 1.122 Thread 0x000001327c86d740 DEOPT PACKING pc=0x00000132103c023c sp=0x0000001c069fe320
Event: 1.122 Thread 0x000001327c86d740 DEOPT UNPACKING pc=0x000001320fd46702 sp=0x0000001c069fe228 mode 2
Event: 1.122 Thread 0x000001327c86d740 Uncommon trap: trap_request=0xffffff4d fr.pc=0x00000132103c0138 relative=0x00000000000001d8
Event: 1.122 Thread 0x000001327c86d740 Uncommon trap: reason=unstable_if action=reinterpret pc=0x00000132103c0138 method=java.util.HashMap.getNode(Ljava/lang/Object;)Ljava/util/HashMap$Node; @ 66 c2
Event: 1.122 Thread 0x000001327c86d740 DEOPT PACKING pc=0x00000132103c0138 sp=0x0000001c069fe4e0
Event: 1.122 Thread 0x000001327c86d740 DEOPT UNPACKING pc=0x000001320fd46702 sp=0x0000001c069fe3f0 mode 2
Event: 1.138 Thread 0x000001327c86d740 Uncommon trap: trap_request=0xffffffde fr.pc=0x00000132103be628 relative=0x00000000000002e8
Event: 1.138 Thread 0x000001327c86d740 Uncommon trap: reason=class_check action=maybe_recompile pc=0x00000132103be628 method=java.util.HashMap.getNode(Ljava/lang/Object;)Ljava/util/HashMap$Node; @ 128 c2
Event: 1.138 Thread 0x000001327c86d740 DEOPT PACKING pc=0x00000132103be628 sp=0x0000001c069fed40
Event: 1.138 Thread 0x000001327c86d740 DEOPT UNPACKING pc=0x000001320fd46702 sp=0x0000001c069feca8 mode 2

Classes loaded (20 events):
Event: 0.811 Loading class java/nio/file/Files$2
Event: 0.811 Loading class java/nio/file/Files$2 done
Event: 0.813 Loading class sun/nio/fs/WindowsPath$WindowsPathWithAttributes
Event: 0.813 Loading class sun/nio/fs/BasicFileAttributesHolder
Event: 0.813 Loading class sun/nio/fs/BasicFileAttributesHolder done
Event: 0.813 Loading class sun/nio/fs/WindowsPath$WindowsPathWithAttributes done
Event: 0.943 Loading class java/util/LinkedList$Node
Event: 0.943 Loading class java/util/LinkedList$Node done
Event: 0.995 Loading class java/util/LinkedList$ListItr
Event: 0.995 Loading class java/util/LinkedList$ListItr done
Event: 1.030 Loading class java/util/stream/Nodes$FixedNodeBuilder
Event: 1.030 Loading class java/util/stream/Nodes$ArrayNode
Event: 1.030 Loading class java/util/stream/Nodes$ArrayNode done
Event: 1.030 Loading class java/util/stream/Nodes$FixedNodeBuilder done
Event: 1.070 Loading class java/util/function/ToIntBiFunction
Event: 1.070 Loading class java/util/function/ToIntBiFunction done
Event: 1.140 Loading class java/util/WeakHashMap$KeyIterator
Event: 1.143 Loading class java/util/WeakHashMap$HashIterator
Event: 1.143 Loading class java/util/WeakHashMap$HashIterator done
Event: 1.143 Loading class java/util/WeakHashMap$KeyIterator done

Classes unloaded (0 events):
No events

Classes redefined (0 events):
No events

Internal exceptions (20 events):
Event: 0.535 Thread 0x000001327c86d740 Exception <a 'java/lang/NoSuchMethodError'{0x0000000718984978}: 'int java.lang.invoke.DirectMethodHandle$Holder.invokeStaticInit(java.lang.Object, double, double)'> (0x0000000718984978) 
thrown [s\open\src\hotspot\share\interpreter\linkResolver.cpp, line 805]
Event: 0.535 Thread 0x000001327c86d740 Exception <a 'java/lang/NoSuchMethodError'{0x000000071898d878}: 'int java.lang.invoke.DirectMethodHandle$Holder.invokeStatic(java.lang.Object, long)'> (0x000000071898d878) 
thrown [s\open\src\hotspot\share\interpreter\linkResolver.cpp, line 805]
Event: 0.537 Thread 0x000001327c86d740 Exception <a 'java/lang/NoSuchMethodError'{0x00000007189a6a68}: 'java.lang.Object java.lang.invoke.DirectMethodHandle$Holder.invokeStatic(java.lang.Object, long)'> (0x00000007189a6a68) 
thrown [s\open\src\hotspot\share\interpreter\linkResolver.cpp, line 805]
Event: 0.538 Thread 0x000001327c86d740 Exception <a 'java/lang/NoSuchMethodError'{0x00000007189af040}: 'java.lang.Object java.lang.invoke.DirectMethodHandle$Holder.invokeStatic(java.lang.Object, float)'> (0x00000007189af040) 
thrown [s\open\src\hotspot\share\interpreter\linkResolver.cpp, line 805]
Event: 0.545 Thread 0x000001327c86d740 Exception <a 'java/lang/NoSuchMethodError'{0x00000007189f2a88}: 'int java.lang.invoke.Invokers$Holder.linkToTargetMethod(java.lang.Object, java.lang.Object)'> (0x00000007189f2a88) 
thrown [s\open\src\hotspot\share\interpreter\linkResolver.cpp, line 805]
Event: 0.573 Thread 0x000001327c86d740 Exception <a 'java/lang/NoSuchMethodError'{0x0000000718652248}: 'java.lang.Object java.lang.invoke.DirectMethodHandle$Holder.invokeVirtual(java.lang.Object, java.lang.Object, java.lang.Object)'> (0x0000000718652248) 
thrown [s\open\src\hotspot\share\interpreter\linkResolver.cpp, line 805]
Event: 0.577 Thread 0x000001327c86d740 Exception <a 'java/lang/NoSuchMethodError'{0x000000071866a650}: 'int java.lang.invoke.DirectMethodHandle$Holder.invokeInterface(java.lang.Object, java.lang.Object)'> (0x000000071866a650) 
thrown [s\open\src\hotspot\share\interpreter\linkResolver.cpp, line 805]
Event: 0.579 Thread 0x000001327c86d740 Exception <a 'sun/nio/fs/WindowsException'{0x0000000718680920}> (0x0000000718680920) 
thrown [s\open\src\hotspot\share\prims\jni.cpp, line 518]
Event: 0.652 Thread 0x000001327c86d740 Implicit null exception at 0x00000132103a121d to 0x00000132103a1299
Event: 0.659 Thread 0x000001327c86d740 Exception <a 'sun/nio/fs/WindowsException'{0x0000000718728dd8}> (0x0000000718728dd8) 
thrown [s\open\src\hotspot\share\prims\jni.cpp, line 518]
Event: 0.661 Thread 0x000001327c86d740 Exception <a 'java/lang/NoSuchMethodError'{0x00000007187310c0}: 'void java.lang.invoke.DirectMethodHandle$Holder.invokeStatic(java.lang.Object, java.lang.Object, java.lang.Object, java.lang.Object)'> (0x00000007187310c0) 
thrown [s\open\src\hotspot\share\interpreter\linkResolver.cpp, line 805]
Event: 0.667 Thread 0x000001327c86d740 Exception <a 'sun/nio/fs/WindowsException'{0x00000007187517d8}> (0x00000007187517d8) 
thrown [s\open\src\hotspot\share\prims\jni.cpp, line 518]
Event: 0.694 Thread 0x000001327c86d740 Exception <a 'sun/nio/fs/WindowsException'{0x0000000718454a80}> (0x0000000718454a80) 
thrown [s\open\src\hotspot\share\prims\jni.cpp, line 518]
Event: 0.744 Thread 0x000001327c86d740 Exception <a 'java/lang/NoSuchMethodError'{0x000000071854abf0}: 'java.lang.Object java.lang.invoke.DirectMethodHandle$Holder.invokeVirtual(java.lang.Object, java.lang.Object, int)'> (0x000000071854abf0) 
thrown [s\open\src\hotspot\share\interpreter\linkResolver.cpp, line 805]
Event: 0.890 Thread 0x000001327c86d740 Exception <a 'sun/nio/fs/WindowsException'{0x0000000717fd4ad0}> (0x0000000717fd4ad0) 
thrown [s\open\src\hotspot\share\prims\jni.cpp, line 518]
Event: 0.890 Thread 0x000001327c86d740 Exception <a 'sun/nio/fs/WindowsException'{0x0000000717fd5528}> (0x0000000717fd5528) 
thrown [s\open\src\hotspot\share\prims\jni.cpp, line 518]
Event: 0.920 Thread 0x000001327c86d740 Exception <a 'java/lang/NoSuchMethodError'{0x00000007179db980}: 'java.lang.Object java.lang.invoke.DirectMethodHandle$Holder.invokeVirtual(java.lang.Object, java.lang.Object, java.lang.Object, int, int)'> (0x00000007179db980) 
thrown [s\open\src\hotspot\share\interpreter\linkResolver.cpp, line 805]
Event: 0.963 Thread 0x000001327c86d740 Exception <a 'java/lang/NoSuchMethodError'{0x00000007177f79e0}: 'java.lang.Object java.lang.invoke.DirectMethodHandle$Holder.invokeInterface(java.lang.Object, java.lang.Object)'> (0x00000007177f79e0) 
thrown [s\open\src\hotspot\share\interpreter\linkResolver.cpp, line 805]
Event: 1.024 Thread 0x000001327c86d740 Exception <a 'java/lang/NoSuchMethodError'{0x000000071720f580}: 'int java.lang.invoke.DirectMethodHandle$Holder.invokeStatic(java.lang.Object, java.lang.Object, java.lang.Object, java.lang.Object)'> (0x000000071720f580) 
thrown [s\open\src\hotspot\share\interpreter\linkResolver.cpp, line 805]
Event: 1.149 Thread 0x000001327c86d740 Exception <a 'sun/nio/fs/WindowsException'{0x0000000716f06cc8}> (0x0000000716f06cc8) 
thrown [s\open\src\hotspot\share\prims\jni.cpp, line 518]

VM Operations (12 events):
Event: 0.097 Executing VM operation: HandshakeAllThreads (Deoptimize)
Event: 0.098 Executing VM operation: HandshakeAllThreads (Deoptimize) done
Event: 0.296 Executing VM operation: HandshakeAllThreads (Deoptimize)
Event: 0.296 Executing VM operation: HandshakeAllThreads (Deoptimize) done
Event: 0.583 Executing VM operation: HandshakeAllThreads (Deoptimize)
Event: 0.583 Executing VM operation: HandshakeAllThreads (Deoptimize) done
Event: 0.668 Executing VM operation: HandshakeAllThreads (Deoptimize)
Event: 0.669 Executing VM operation: HandshakeAllThreads (Deoptimize) done
Event: 0.697 Executing VM operation: HandshakeAllThreads (Deoptimize)
Event: 0.697 Executing VM operation: HandshakeAllThreads (Deoptimize) done
Event: 0.813 Executing VM operation: HandshakeAllThreads (Deoptimize)
Event: 0.813 Executing VM operation: HandshakeAllThreads (Deoptimize) done

Memory protections (0 events):
No events

Nmethod flushes (0 events):
No events

Events (19 events):
Event: 0.038 Thread 0x000001327c86d740 Thread added: 0x000001327c86d740
Event: 0.057 Thread 0x000001327c86d740 Thread added: 0x000001321ebc2de0
Event: 0.057 Thread 0x000001327c86d740 Thread added: 0x000001321ebc3520
Event: 0.057 Thread 0x000001327c86d740 Thread added: 0x000001321ebc5340
Event: 0.057 Thread 0x000001327c86d740 Thread added: 0x000001321ebc5fa0
Event: 0.057 Thread 0x000001327c86d740 Thread added: 0x000001321ebd0420
Event: 0.058 Thread 0x000001327c86d740 Thread added: 0x000001321ebd67f0
Event: 0.058 Thread 0x000001327c86d740 Thread added: 0x000001321ebdcbb0
Event: 0.058 Thread 0x000001327c86d740 Thread added: 0x000001321ebe9d70
Event: 0.069 Thread 0x000001321ebe9d70 Thread added: 0x000001321eba2e40
Event: 0.101 Thread 0x000001321ebe9d70 Thread added: 0x00000132640e7370
Event: 0.108 Thread 0x00000132640e7370 Thread added: 0x00000132640fdf90
Event: 0.115 Thread 0x000001327c86d740 Thread added: 0x000001321ebd60a0
Event: 0.126 Thread 0x000001327c86d740 Thread added: 0x000001321ebd8c80
Event: 0.422 Thread 0x00000132640fdf90 Thread exited: 0x00000132640fdf90
Event: 0.691 Thread 0x00000132640e7370 Thread added: 0x0000013264abebe0
Event: 0.836 Thread 0x000001321eba2e40 Thread added: 0x0000013264ade140
Event: 0.956 Thread 0x000001321ebe9d70 Thread added: 0x0000013264ae3ed0
Event: 0.966 Thread 0x0000013264ae3ed0 Thread added: 0x0000013264ed7f70


Dynamic libraries:
0x00007ff7a8c50000 - 0x00007ff7a8c60000 	C:\Program Files\Java\jdk-24\bin\java.exe
0x00007ffc5f8a0000 - 0x00007ffc5fb08000 	C:\WINDOWS\SYSTEM32\ntdll.dll
0x00007ffc5e4f0000 - 0x00007ffc5e5b9000 	C:\WINDOWS\System32\KERNEL32.DLL
0x00007ffc5d110000 - 0x00007ffc5d502000 	C:\WINDOWS\System32\KERNELBASE.dll
0x00007ffc5ccd0000 - 0x00007ffc5ce1b000 	C:\WINDOWS\System32\ucrtbase.dll
0x00007ffc517e0000 - 0x00007ffc517f6000 	C:\Program Files\Java\jdk-24\bin\jli.dll
0x00007ffc51520000 - 0x00007ffc5153b000 	C:\Program Files\Java\jdk-24\bin\VCRUNTIME140.dll
0x00007ffc5e760000 - 0x00007ffc5e925000 	C:\WINDOWS\System32\USER32.dll
0x00007ffc498b0000 - 0x00007ffc49b43000 	C:\WINDOWS\WinSxS\amd64_microsoft.windows.common-controls_6595b64144ccf1df_6.0.26100.6899_none_3e0efeeae32e88c1\COMCTL32.dll
0x00007ffc5d510000 - 0x00007ffc5d537000 	C:\WINDOWS\System32\win32u.dll
0x00007ffc5f7b0000 - 0x00007ffc5f859000 	C:\WINDOWS\System32\msvcrt.dll
0x00007ffc5d9d0000 - 0x00007ffc5d9fb000 	C:\WINDOWS\System32\GDI32.dll
0x00007ffc5ca30000 - 0x00007ffc5cb5d000 	C:\WINDOWS\System32\gdi32full.dll
0x00007ffc5ce20000 - 0x00007ffc5cec3000 	C:\WINDOWS\System32\msvcp_win.dll
0x00007ffc5e5c0000 - 0x00007ffc5e5ef000 	C:\WINDOWS\System32\IMM32.DLL
0x00007ffc59a70000 - 0x00007ffc59a7c000 	C:\Program Files\Java\jdk-24\bin\vcruntime140_1.dll
0x00007ffc22890000 - 0x00007ffc2291e000 	C:\Program Files\Java\jdk-24\bin\msvcp140.dll
0x00007ffb656e0000 - 0x00007ffb66481000 	C:\Program Files\Java\jdk-24\bin\server\jvm.dll
0x00007ffc5f5d0000 - 0x00007ffc5f684000 	C:\WINDOWS\System32\ADVAPI32.dll
0x00007ffc5e600000 - 0x00007ffc5e6a6000 	C:\WINDOWS\System32\sechost.dll
0x00007ffc5f690000 - 0x00007ffc5f7a8000 	C:\WINDOWS\System32\RPCRT4.dll
0x00007ffc5e370000 - 0x00007ffc5e3e4000 	C:\WINDOWS\System32\WS2_32.dll
0x00007ffc5c890000 - 0x00007ffc5c8ee000 	C:\WINDOWS\SYSTEM32\POWRPROF.dll
0x00007ffc51b40000 - 0x00007ffc51b75000 	C:\WINDOWS\SYSTEM32\WINMM.dll
0x00007ffc56310000 - 0x00007ffc5631b000 	C:\WINDOWS\SYSTEM32\VERSION.dll
0x00007ffc5c870000 - 0x00007ffc5c884000 	C:\WINDOWS\SYSTEM32\UMPDC.dll
0x00007ffc5b800000 - 0x00007ffc5b81b000 	C:\WINDOWS\SYSTEM32\kernel.appcore.dll
0x00007ffc57770000 - 0x00007ffc5777a000 	C:\Program Files\Java\jdk-24\bin\jimage.dll
0x00007ffc59cd0000 - 0x00007ffc59f12000 	C:\WINDOWS\SYSTEM32\DBGHELP.DLL
0x00007ffc5f240000 - 0x00007ffc5f5bb000 	C:\WINDOWS\System32\combase.dll
0x00007ffc5dd00000 - 0x00007ffc5ddd7000 	C:\WINDOWS\System32\OLEAUT32.dll
0x00007ffc38cf0000 - 0x00007ffc38d2c000 	C:\WINDOWS\SYSTEM32\dbgcore.DLL
0x00007ffc5d540000 - 0x00007ffc5d5d8000 	C:\WINDOWS\System32\bcryptPrimitives.dll
0x00007ffc51160000 - 0x00007ffc5117e000 	C:\Program Files\Java\jdk-24\bin\java.dll
0x00007ffc5f0a0000 - 0x00007ffc5f238000 	C:\WINDOWS\System32\ole32.dll
0x00007ffc5e950000 - 0x00007ffc5f09d000 	C:\WINDOWS\System32\SHELL32.dll
0x00007ffc5cb60000 - 0x00007ffc5cccb000 	C:\WINDOWS\System32\wintypes.dll
0x00007ffc5a6a0000 - 0x00007ffc5aefd000 	C:\WINDOWS\SYSTEM32\windows.storage.dll
0x00007ffc5d8a0000 - 0x00007ffc5d992000 	C:\WINDOWS\System32\SHCORE.dll
0x00007ffc5d680000 - 0x00007ffc5d6e2000 	C:\WINDOWS\System32\shlwapi.dll
0x00007ffc5c950000 - 0x00007ffc5c979000 	C:\WINDOWS\SYSTEM32\profapi.dll
0x00007ffc020f0000 - 0x00007ffc021c7000 	C:\Program Files\Java\jdk-24\bin\jsvml.dll
0x00007ffc563c0000 - 0x00007ffc563d0000 	C:\Program Files\Java\jdk-24\bin\net.dll
0x00007ffc5bd70000 - 0x00007ffc5bddb000 	C:\WINDOWS\system32\mswsock.dll
0x00007ffc49d50000 - 0x00007ffc49d66000 	C:\Program Files\Java\jdk-24\bin\nio.dll

JVMTI agents: none

dbghelp: loaded successfully - version: 4.0.5 - missing functions: none
symbol engine: initialized successfully - sym options: 0x614 - pdb path: .;C:\Program Files\Java\jdk-24\bin;C:\WINDOWS\SYSTEM32;C:\WINDOWS\WinSxS\amd64_microsoft.windows.common-controls_6595b64144ccf1df_6.0.26100.6899_none_3e0efeeae32e88c1;C:\Program Files\Java\jdk-24\bin\server

VM Arguments:
jvm_args: --add-modules=ALL-DEFAULT 
java_command: jdk.compiler/com.sun.tools.javac.launcher.SourceLauncher Question3.java
java_class_path (initial): C:\Program Files\Java\jdk-24\lib
Launcher Type: SUN_STANDARD

[Global flags]
     intx CICompilerCount                          = 12                                        {product} {ergonomic}
     uint ConcGCThreads                            = 3                                         {product} {ergonomic}
     uint G1ConcRefinementThreads                  = 13                                        {product} {ergonomic}
   size_t G1HeapRegionSize                         = 2097152                                   {product} {ergonomic}
   size_t InitialHeapSize                          = 260046848                                 {product} {ergonomic}
   size_t MarkStackSize                            = 4194304                                   {product} {ergonomic}
   size_t MarkStackSizeMax                         = 536870912                                 {product} {ergonomic}
   size_t MaxHeapSize                              = 4135583744                                {product} {ergonomic}
   size_t MaxNewSize                               = 2480930816                                {product} {ergonomic}
   size_t MinHeapDeltaBytes                        = 2097152                                   {product} {ergonomic}
   size_t MinHeapSize                              = 8388608                                   {product} {ergonomic}
    uintx NonNMethodCodeHeapSize                   = 7602176                                {pd product} {ergonomic}
    uintx NonProfiledCodeHeapSize                  = 122093568                              {pd product} {ergonomic}
    uintx ProfiledCodeHeapSize                     = 121962496                              {pd product} {ergonomic}
    uintx ReservedCodeCacheSize                    = 251658240                              {pd product} {ergonomic}
     bool SegmentedCodeCache                       = true                                      {product} {ergonomic}
   size_t SoftMaxHeapSize                          = 4135583744                             {manageable} {ergonomic}
     bool UseCompressedOops                        = true                           {product lp64_product} {ergonomic}
     bool UseG1GC                                  = true                                      {product} {ergonomic}
     bool UseLargePagesIndividualAllocation        = false                                  {pd product} {ergonomic}

Logging:
Log output configuration:
 #0: stdout all=warning uptime,level,tags foldmultilines=false
 #1: stderr all=off uptime,level,tags foldmultilines=false

Environment Variables:
CLASSPATH=C:\Program Files\Java\jdk-24\lib
PATH=C:\Program Files\Common Files\Oracle\Java\javapath;C:\Program Files (x86)\NVIDIA Corporation\PhysX\Common;C:\Windows\system32;C:\Windows;C:\Windows\System32\Wbem;C:\Windows\System32\WindowsPowerShell\v1.0\;C:\Windows\System32\OpenSSH\;C:\Program Files\dotnet\;C:\WINDOWS\system32;C:\WINDOWS;C:\WINDOWS\System32\Wbem;C:\WINDOWS\System32\WindowsPowerShell\v1.0\;C:\WINDOWS\System32\OpenSSH\;C:\Program Files\NVIDIA Corporation\NVIDIA App\NvDLISR;C:\Program Files (x86)\Microsoft SQL Server\160\Tools\Binn\;C:\Program Files\Microsoft SQL Server\160\Tools\Binn\;C:\Program Files\Microsoft SQL Server\Client SDK\ODBC\170\Tools\Binn\;C:\Program Files\Microsoft SQL Server\160\DTS\Binn\;C:\Program Files (x86)\Windows Kits\8.1\Windows Performance Toolkit\;C:\WINDOWS\IsmFiles;C:\MinGW\bin;C:\Program Files\Java\jdk-24\bin;C:\Users\asus\AppData\Local\Programs\Microsoft VS Code\bin
USERNAME=asus
OS=Windows_NT
PROCESSOR_IDENTIFIER=AMD64 Family 25 Model 80 Stepping 0, AuthenticAMD
TMP=C:\Users\asus\AppData\Local\Temp
TEMP=C:\Users\asus\AppData\Local\Temp




Periodic native trim disabled

---------------  S Y S T E M  ---------------

OS:
 Windows 11 , 64 bit Build 26100 (10.0.26100.6725)
OS uptime: 1 days 12:46 hours

CPU: total 16 (initial active 16) (16 cores per cpu, 2 threads per core) family 25 model 80 stepping 0 microcode 0xa50000d, cx8, cmov, fxsr, ht, mmx, 3dnowpref, sse, sse2, sse3, ssse3, sse4a, sse4.1, sse4.2, popcnt, lzcnt, tsc, tscinvbit, avx, avx2, aes, erms, clmul, bmi1, bmi2, adx, sha, fma, vzeroupper, clflush, clflushopt, rdtscp, rdpid, fsrm, f16c, pku, cet_ss
Processor Information for processor 0
  Max Mhz: 3201, Current Mhz: 1802, Mhz Limit: 3201
Processor Information for processor 1
  Max Mhz: 3201, Current Mhz: 1802, Mhz Limit: 3201
Processor Information for processor 2
  Max Mhz: 3201, Current Mhz: 1802, Mhz Limit: 3201
Processor Information for processor 3
  Max Mhz: 3201, Current Mhz: 1802, Mhz Limit: 3201
Processor Information for processor 4
  Max Mhz: 3201, Current Mhz: 1802, Mhz Limit: 3201
Processor Information for processor 5
  Max Mhz: 3201, Current Mhz: 1802, Mhz Limit: 3201
Processor Information for processor 6
  Max Mhz: 3201, Current Mhz: 1882, Mhz Limit: 3201
Processor Information for processor 7
  Max Mhz: 3201, Current Mhz: 1802, Mhz Limit: 3201
Processor Information for processor 8
  Max Mhz: 3201, Current Mhz: 1802, Mhz Limit: 3201
Processor Information for processor 9
  Max Mhz: 3201, Current Mhz: 1802, Mhz Limit: 3201
Processor Information for processor 10
  Max Mhz: 3201, Current Mhz: 1802, Mhz Limit: 3201
Processor Information for processor 11
  Max Mhz: 3201, Current Mhz: 1802, Mhz Limit: 3201
Processor Information for processor 12
  Max Mhz: 3201, Current Mhz: 1802, Mhz Limit: 3201
Processor Information for processor 13
  Max Mhz: 3201, Current Mhz: 1802, Mhz Limit: 3201
Processor Information for processor 14
  Max Mhz: 3201, Current Mhz: 1802, Mhz Limit: 3201
Processor Information for processor 15
  Max Mhz: 3201, Current Mhz: 1802, Mhz Limit: 3201

Memory: 4k page, system-wide physical 15773M (4674M free)
TotalPageFile size 15773M (AvailPageFile size 25M)
current process WorkingSet (physical memory assigned to process): 111M, peak: 111M
current process commit charge ("private bytes"): 374M, peak: 385M

vm_info: Java HotSpot(TM) 64-Bit Server VM (24.0.2+12-54) for windows-amd64 JRE (24.0.2+12-54), built on 2025-07-08T12:10:27Z with MS VC++ 17.6 (VS2022)

END.
