#
# There is insufficient memory for the Java Runtime Environment to continue.
# Native memory allocation (mmap) failed to map 260046848 bytes. Error detail: G1 virtual space
# Possible reasons:
#   The system is out of physical RAM or swap space
#   This process is running with CompressedOops enabled, and the Java Heap may be blocking the growth of the native heap
# Possible solutions:
#   Reduce memory load on the system
#   Increase physical memory or swap space
#   Check if swap backing store is full
#   Decrease Java heap size (-Xmx/-Xms)
#   Decrease number of Java threads
#   Decrease Java thread stack sizes (-Xss)
#   Set larger code cache with -XX:ReservedCodeCacheSize=
#   JVM is running with Zero Based Compressed Oops mode in which the Java heap is
#     placed in the first 32GB address space. The Java Heap base address is the
#     maximum limit for the native heap growth. Please use -XX:HeapBaseMinAddress
#     to set the Java Heap base and to place the Java Heap above 32GB virtual address.
# This output file may be truncated or incomplete.
#
#  Out of Memory Error (os_windows.cpp:3564), pid=3388, tid=29620
#
# JRE version:  (24.0.2+12) (build )
# Java VM: Java HotSpot(TM) 64-Bit Server VM (24.0.2+12-54, mixed mode, sharing, tiered, compressed oops, compressed class ptrs, g1 gc, windows-amd64)
# No core dump will be written. Minidumps are not enabled by default on client versions of Windows
#

---------------  S U M M A R Y ------------

Command Line: --add-modules=ALL-DEFAULT jdk.compiler/com.sun.tools.javac.launcher.SourceLauncher Question3.java

Host: AMD Ryzen 7 5800HS with Radeon Graphics        , 16 cores, 15G,  Windows 11 , 64 bit Build 26100 (10.0.26100.6725)
Time: Sat Oct 25 12:26:36 2025 India Standard Time elapsed time: 1.119115 seconds (0d 0h 0m 1s)

---------------  T H R E A D  ---------------

Current thread (0x000002456956a840):  JavaThread "Unknown thread" [_thread_in_vm, id=29620, stack(0x000000ad90500000,0x000000ad90600000) (1024K)]

Stack: [0x000000ad90500000,0x000000ad90600000]
Native frames: (J=compiled Java code, j=interpreted, Vv=VM code, C=native code)
V  [jvm.dll+0x730829]  (no source info available)
V  [jvm.dll+0x8d9da3]  (no source info available)
V  [jvm.dll+0x8dc28d]  (no source info available)
V  [jvm.dll+0x8dc903]  (no source info available)
V  [jvm.dll+0x2a9f56]  (no source info available)
V  [jvm.dll+0x72cd55]  (no source info available)
V  [jvm.dll+0x72066a]  (no source info available)
V  [jvm.dll+0x390b7a]  (no source info available)
V  [jvm.dll+0x398906]  (no source info available)
V  [jvm.dll+0x3850de]  (no source info available)
V  [jvm.dll+0x385398]  (no source info available)
V  [jvm.dll+0x35d10c]  (no source info available)
V  [jvm.dll+0x35ddcd]  (no source info available)
V  [jvm.dll+0x89d50f]  (no source info available)
V  [jvm.dll+0x3f979d]  (no source info available)
V  [jvm.dll+0x885b66]  (no source info available)
V  [jvm.dll+0x495e7e]  (no source info available)
V  [jvm.dll+0x497c51]  (no source info available)
C  [jli.dll+0x52a1]  (no source info available)
C  [ucrtbase.dll+0x37b0]  (no source info available)
C  [KERNEL32.DLL+0x2e8d7]  (no source info available)
C  [ntdll.dll+0x8c53c]  (no source info available)

Lock stack of current Java thread (top to bottom):


---------------  P R O C E S S  ---------------

Threads class SMR info:
_java_thread_list=0x00007ffb6631f318, length=0, elements={
}

Java Threads: ( => current thread )
Total: 0

Other Threads:
  0x000002456b97ce20 WorkerThread "GC Thread#0"                     [id=1516, stack(0x000000ad90600000,0x000000ad90700000) (1024K)]
  0x000002456b9939b0 ConcurrentGCThread "G1 Main Marker"            [id=33056, stack(0x000000ad90700000,0x000000ad90800000) (1024K)]
  0x000002456b9944c0 WorkerThread "G1 Conc#0"                       [id=33488, stack(0x000000ad90800000,0x000000ad90900000) (1024K)]

[error occurred during error reporting (printing all threads), id 0xc0000005, EXCEPTION_ACCESS_VIOLATION (0xc0000005) at pc=0x00007ffb65a5138a]
VM state: not at safepoint (not fully initialized)

VM Mutex/Monitor currently owned by a thread:  ([mutex/lock_event])
[0x00007ffb663a45f0] Heap_lock - owner thread: 0x000002456956a840

Heap address: 0x0000000709800000, size: 3944 MB, Compressed Oops mode: Zero based, Oop shift amount: 3

CDS archive(s) mapped at: [0x0000000000000000-0x0000000000000000-0x0000000000000000), size 0, SharedBaseAddress: 0x0000000800000000, ArchiveRelocationMode: 1.
UseCompressedClassPointers 1, UseCompactObjectHeaders 0
Narrow klass pointer bits 32, Max shift 3
Narrow klass base: 0xffffffffffffffff, Narrow klass shift: -1
Encoding Range: [0xffffffffffffffff - 0x000000007fffffff), (2147483648 bytes)
Klass Range:    [0x0000000000000000 - 0x0000000000000000), (0 bytes)
Klass ID Range:  [4294967295 - 0) (1)

GC Precious Log:
 CardTable entry size: 512
 Card Set container configuration: InlinePtr #cards 4 size 8 Array Of Cards #cards 16 size 48 Howl #buckets 8 coarsen threshold 3686 Howl Bitmap #cards 512 size 80 coarsen threshold 460 Card regions per heap region 1 cards per card region 4096

Heap:
 garbage-first heap   total reserved 4038656K, committed 0K, used 0K [0x0000000709800000, 0x0000000800000000)
  region size 2048K, 0 young (0K), 0 survivors (0K)

[error occurred during error reporting (printing heap information), id 0xc0000005, EXCEPTION_ACCESS_VIOLATION (0xc0000005) at pc=0x00007ffb65e6e679]
GC Heap History (0 events):
No events

Dll operation events (1 events):
Event: 0.034 Loaded shared library C:\Program Files\Java\jdk-24\bin\java.dll

Deoptimization events (0 events):
No events

Classes loaded (0 events):
No events

Classes unloaded (0 events):
No events

Classes redefined (0 events):
No events

Internal exceptions (0 events):
No events

VM Operations (0 events):
No events

Memory protections (0 events):
No events

Nmethod flushes (0 events):
No events

Events (0 events):
No events


Dynamic libraries:
0x00007ff6b46c0000 - 0x00007ff6b46d0000 	C:\Program Files\Java\jdk-24\bin\java.exe
0x00007ffc5f8a0000 - 0x00007ffc5fb08000 	C:\WINDOWS\SYSTEM32\ntdll.dll
0x00007ffc5e4f0000 - 0x00007ffc5e5b9000 	C:\WINDOWS\System32\KERNEL32.DLL
0x00007ffc5d110000 - 0x00007ffc5d502000 	C:\WINDOWS\System32\KERNELBASE.dll
0x00007ffc5ccd0000 - 0x00007ffc5ce1b000 	C:\WINDOWS\System32\ucrtbase.dll
0x00007ffc517e0000 - 0x00007ffc517f6000 	C:\Program Files\Java\jdk-24\bin\jli.dll
0x00007ffc50fe0000 - 0x00007ffc50ffb000 	C:\Program Files\Java\jdk-24\bin\VCRUNTIME140.dll
0x00007ffc5e760000 - 0x00007ffc5e925000 	C:\WINDOWS\System32\USER32.dll
0x00007ffc5d510000 - 0x00007ffc5d537000 	C:\WINDOWS\System32\win32u.dll
0x00007ffc498b0000 - 0x00007ffc49b43000 	C:\WINDOWS\WinSxS\amd64_microsoft.windows.common-controls_6595b64144ccf1df_6.0.26100.6899_none_3e0efeeae32e88c1\COMCTL32.dll
0x00007ffc5d9d0000 - 0x00007ffc5d9fb000 	C:\WINDOWS\System32\GDI32.dll
0x00007ffc5f7b0000 - 0x00007ffc5f859000 	C:\WINDOWS\System32\msvcrt.dll
0x00007ffc5ca30000 - 0x00007ffc5cb5d000 	C:\WINDOWS\System32\gdi32full.dll
0x00007ffc5ce20000 - 0x00007ffc5cec3000 	C:\WINDOWS\System32\msvcp_win.dll
0x00007ffc5e5c0000 - 0x00007ffc5e5ef000 	C:\WINDOWS\System32\IMM32.DLL
0x00007ffc59a70000 - 0x00007ffc59a7c000 	C:\Program Files\Java\jdk-24\bin\vcruntime140_1.dll
0x00007ffc49520000 - 0x00007ffc495ae000 	C:\Program Files\Java\jdk-24\bin\msvcp140.dll
0x00007ffb656e0000 - 0x00007ffb66481000 	C:\Program Files\Java\jdk-24\bin\server\jvm.dll
0x00007ffc5f5d0000 - 0x00007ffc5f684000 	C:\WINDOWS\System32\ADVAPI32.dll
0x00007ffc5e600000 - 0x00007ffc5e6a6000 	C:\WINDOWS\System32\sechost.dll
0x00007ffc5f690000 - 0x00007ffc5f7a8000 	C:\WINDOWS\System32\RPCRT4.dll
0x00007ffc5e370000 - 0x00007ffc5e3e4000 	C:\WINDOWS\System32\WS2_32.dll
0x00007ffc5c890000 - 0x00007ffc5c8ee000 	C:\WINDOWS\SYSTEM32\POWRPROF.dll
0x00007ffc51b40000 - 0x00007ffc51b75000 	C:\WINDOWS\SYSTEM32\WINMM.dll
0x00007ffc56310000 - 0x00007ffc5631b000 	C:\WINDOWS\SYSTEM32\VERSION.dll
0x00007ffc5c870000 - 0x00007ffc5c884000 	C:\WINDOWS\SYSTEM32\UMPDC.dll
0x00007ffc5b800000 - 0x00007ffc5b81b000 	C:\WINDOWS\SYSTEM32\kernel.appcore.dll
0x00007ffc57770000 - 0x00007ffc5777a000 	C:\Program Files\Java\jdk-24\bin\jimage.dll
0x00007ffc59cd0000 - 0x00007ffc59f12000 	C:\WINDOWS\SYSTEM32\DBGHELP.DLL
0x00007ffc5f240000 - 0x00007ffc5f5bb000 	C:\WINDOWS\System32\combase.dll
0x00007ffc5dd00000 - 0x00007ffc5ddd7000 	C:\WINDOWS\System32\OLEAUT32.dll
0x00007ffc38cf0000 - 0x00007ffc38d2c000 	C:\WINDOWS\SYSTEM32\dbgcore.DLL
0x00007ffc5d540000 - 0x00007ffc5d5d8000 	C:\WINDOWS\System32\bcryptPrimitives.dll
0x00007ffc4c190000 - 0x00007ffc4c1ae000 	C:\Program Files\Java\jdk-24\bin\java.dll
0x00007ffc5f0a0000 - 0x00007ffc5f238000 	C:\WINDOWS\System32\ole32.dll
0x00007ffc5e950000 - 0x00007ffc5f09d000 	C:\WINDOWS\System32\SHELL32.dll
0x00007ffc5cb60000 - 0x00007ffc5cccb000 	C:\WINDOWS\System32\wintypes.dll

JVMTI agents: none

dbghelp: loaded successfully - version: 4.0.5 - missing functions: none
symbol engine: initialized successfully - sym options: 0x614 - pdb path: .;C:\Program Files\Java\jdk-24\bin;C:\WINDOWS\SYSTEM32;C:\WINDOWS\WinSxS\amd64_microsoft.windows.common-controls_6595b64144ccf1df_6.0.26100.6899_none_3e0efeeae32e88c1;C:\Program Files\Java\jdk-24\bin\server

VM Arguments:
jvm_args: --add-modules=ALL-DEFAULT 
java_command: jdk.compiler/com.sun.tools.javac.launcher.SourceLauncher Question3.java
java_class_path (initial): C:\Program Files\Java\jdk-24\lib
Launcher Type: SUN_STANDARD

[Global flags]
     intx CICompilerCount                          = 12                                        {product} {ergonomic}
     uint ConcGCThreads                            = 3                                         {product} {ergonomic}
     uint G1ConcRefinementThreads                  = 13                                        {product} {ergonomic}
   size_t G1HeapRegionSize                         = 2097152                                   {product} {ergonomic}
   size_t InitialHeapSize                          = 260046848                                 {product} {ergonomic}
   size_t MarkStackSize                            = 4194304                                   {product} {ergonomic}
   size_t MarkStackSizeMax                         = 536870912                                 {product} {ergonomic}
   size_t MaxHeapSize                              = 4135583744                                {product} {ergonomic}
   size_t MinHeapDeltaBytes                        = 2097152                                   {product} {ergonomic}
   size_t MinHeapSize                              = 8388608                                   {product} {ergonomic}
    uintx NonNMethodCodeHeapSize                   = 7602176                                {pd product} {ergonomic}
    uintx NonProfiledCodeHeapSize                  = 122093568                              {pd product} {ergonomic}
    uintx ProfiledCodeHeapSize                     = 121962496                              {pd product} {ergonomic}
    uintx ReservedCodeCacheSize                    = 251658240                              {pd product} {ergonomic}
     bool SegmentedCodeCache                       = true                                      {product} {ergonomic}
   size_t SoftMaxHeapSize                          = 4135583744                             {manageable} {ergonomic}
     bool UseCompressedOops                        = true                           {product lp64_product} {ergonomic}
     bool UseG1GC                                  = true                                      {product} {ergonomic}
     bool UseLargePagesIndividualAllocation        = false                                  {pd product} {ergonomic}

Logging:
Log output configuration:
 #0: stdout all=warning uptime,level,tags foldmultilines=false
 #1: stderr all=off uptime,level,tags foldmultilines=false

Environment Variables:
CLASSPATH=C:\Program Files\Java\jdk-24\lib
PATH=C:\Program Files\Common Files\Oracle\Java\javapath;C:\Program Files (x86)\NVIDIA Corporation\PhysX\Common;C:\Windows\system32;C:\Windows;C:\Windows\System32\Wbem;C:\Windows\System32\WindowsPowerShell\v1.0\;C:\Windows\System32\OpenSSH\;C:\Program Files\dotnet\;C:\WINDOWS\system32;C:\WINDOWS;C:\WINDOWS\System32\Wbem;C:\WINDOWS\System32\WindowsPowerShell\v1.0\;C:\WINDOWS\System32\OpenSSH\;C:\Program Files\NVIDIA Corporation\NVIDIA App\NvDLISR;C:\Program Files (x86)\Microsoft SQL Server\160\Tools\Binn\;C:\Program Files\Microsoft SQL Server\160\Tools\Binn\;C:\Program Files\Microsoft SQL Server\Client SDK\ODBC\170\Tools\Binn\;C:\Program Files\Microsoft SQL Server\160\DTS\Binn\;C:\Program Files (x86)\Windows Kits\8.1\Windows Performance Toolkit\;C:\WINDOWS\IsmFiles;C:\MinGW\bin;C:\Program Files\Java\jdk-24\bin;C:\Users\asus\AppData\Local\Programs\Microsoft VS Code\bin
USERNAME=asus
OS=Windows_NT
PROCESSOR_IDENTIFIER=AMD64 Family 25 Model 80 Stepping 0, AuthenticAMD
TMP=C:\Users\asus\AppData\Local\Temp
TEMP=C:\Users\asus\AppData\Local\Temp




Periodic native trim disabled

---------------  S Y S T E M  ---------------

OS:
 Windows 11 , 64 bit Build 26100 (10.0.26100.6725)
OS uptime: 1 days 17:12 hours

CPU: total 16 (initial active 16) (16 cores per cpu, 2 threads per core) family 25 model 80 stepping 0 microcode 0xa50000d, cx8, cmov, fxsr, ht, mmx, 3dnowpref, sse, sse2, sse3, ssse3, sse4a, sse4.1, sse4.2, popcnt, lzcnt, tsc, tscinvbit, avx, avx2, aes, erms, clmul, bmi1, bmi2, adx, sha, fma, vzeroupper, clflush, clflushopt, rdtscp, rdpid, fsrm, f16c, pku, cet_ss
Processor Information for processor 0
  Max Mhz: 3201, Current Mhz: 1882, Mhz Limit: 3201
Processor Information for processor 1
  Max Mhz: 3201, Current Mhz: 1882, Mhz Limit: 3201
Processor Information for processor 2
  Max Mhz: 3201, Current Mhz: 1802, Mhz Limit: 3201
Processor Information for processor 3
  Max Mhz: 3201, Current Mhz: 1882, Mhz Limit: 3201
Processor Information for processor 4
  Max Mhz: 3201, Current Mhz: 1882, Mhz Limit: 3201
Processor Information for processor 5
  Max Mhz: 3201, Current Mhz: 1802, Mhz Limit: 3201
Processor Information for processor 6
  Max Mhz: 3201, Current Mhz: 1802, Mhz Limit: 3201
Processor Information for processor 7
  Max Mhz: 3201, Current Mhz: 1802, Mhz Limit: 3201
Processor Information for processor 8
  Max Mhz: 3201, Current Mhz: 1802, Mhz Limit: 3201
Processor Information for processor 9
  Max Mhz: 3201, Current Mhz: 1802, Mhz Limit: 3201
Processor Information for processor 10
  Max Mhz: 3201, Current Mhz: 1802, Mhz Limit: 3201
Processor Information for processor 11
  Max Mhz: 3201, Current Mhz: 1802, Mhz Limit: 3201
Processor Information for processor 12
  Max Mhz: 3201, Current Mhz: 1802, Mhz Limit: 3201
Processor Information for processor 13
  Max Mhz: 3201, Current Mhz: 1802, Mhz Limit: 3201
Processor Information for processor 14
  Max Mhz: 3201, Current Mhz: 1802, Mhz Limit: 3201
Processor Information for processor 15
  Max Mhz: 3201, Current Mhz: 1802, Mhz Limit: 3201

Memory: 4k page, system-wide physical 15773M (4612M free)
TotalPageFile size 15773M (AvailPageFile size 226M)
current process WorkingSet (physical memory assigned to process): 13M, peak: 13M
current process commit charge ("private bytes"): 71M, peak: 319M

vm_info: Java HotSpot(TM) 64-Bit Server VM (24.0.2+12-54) for windows-amd64 JRE (24.0.2+12-54), built on 2025-07-08T12:10:27Z with MS VC++ 17.6 (VS2022)

END.
